Rate Limit - Remaining: 366, Limit: 5000, Resets at (UTC): 2024-09-17T04:14:05Z
Found 0 PRs for issue #96131. Skipping...
Rate Limit - Remaining: 365, Limit: 5000, Resets at (UTC): 2024-09-17T04:14:05Z
Found 0 PRs for issue #95942. Skipping...
Rate Limit - Remaining: 364, Limit: 5000, Resets at (UTC): 2024-09-17T04:14:05Z
PR Title: Don't mark settings as modified while loading, PR URL: https://github.com/godotengine/godot/pull/95704, Commit Count: 1
Rate Limit - Remaining: 363, Limit: 5000, Resets at (UTC): 2024-09-17T04:14:05Z
Found 0 PRs for issue #95694. Skipping...
Rate Limit - Remaining: 362, Limit: 5000, Resets at (UTC): 2024-09-17T04:14:05Z
PR Title: [Editor] Prevent unnecessary editor theme regeneration on unrelated system setting update., PR URL: https://github.com/godotengine/godot/pull/95849, Commit Count: 1
Rate Limit - Remaining: 361, Limit: 5000, Resets at (UTC): 2024-09-17T04:14:05Z
PR Title: [macOS] Remove kill override., PR URL: https://github.com/godotengine/godot/pull/95295, Commit Count: 1
Rate Limit - Remaining: 360, Limit: 5000, Resets at (UTC): 2024-09-17T04:14:05Z
PR Title: Fix performance issue reimport file reload scene, PR URL: https://github.com/godotengine/godot/pull/95225, Commit Count: 1
Rate Limit - Remaining: 359, Limit: 5000, Resets at (UTC): 2024-09-17T04:14:05Z
Found 2 PRs for issue #95076. Skipping...
Rate Limit - Remaining: 358, Limit: 5000, Resets at (UTC): 2024-09-17T04:14:05Z
PR Title: Fix regression around OpenGL swapchain optimization for OpenXR, PR URL: https://github.com/godotengine/godot/pull/94894, Commit Count: 1
Rate Limit - Remaining: 357, Limit: 5000, Resets at (UTC): 2024-09-17T04:14:05Z
Found 0 PRs for issue #94786. Skipping...
Rate Limit - Remaining: 356, Limit: 5000, Resets at (UTC): 2024-09-17T04:14:05Z
Found 0 PRs for issue #94605. Skipping...
Rate Limit - Remaining: 355, Limit: 5000, Resets at (UTC): 2024-09-17T04:14:05Z
Found 0 PRs for issue #94576. Skipping...
Rate Limit - Remaining: 354, Limit: 5000, Resets at (UTC): 2024-09-17T04:14:05Z
Found 0 PRs for issue #94264. Skipping...
Rate Limit - Remaining: 353, Limit: 5000, Resets at (UTC): 2024-09-17T04:14:05Z
Found 0 PRs for issue #94191. Skipping...
Rate Limit - Remaining: 352, Limit: 5000, Resets at (UTC): 2024-09-17T04:14:05Z
Found 0 PRs for issue #93778. Skipping...
Rate Limit - Remaining: 351, Limit: 5000, Resets at (UTC): 2024-09-17T04:14:05Z
Found 0 PRs for issue #93394. Skipping...
Rate Limit - Remaining: 350, Limit: 5000, Resets at (UTC): 2024-09-17T04:14:05Z
PR Title: Optimize update flag by SkeletonModifier, PR URL: https://github.com/godotengine/godot/pull/93502, Commit Count: 1
Rate Limit - Remaining: 349, Limit: 5000, Resets at (UTC): 2024-09-17T04:14:05Z
Found 0 PRs for issue #93220. Skipping...
Rate Limit - Remaining: 348, Limit: 5000, Resets at (UTC): 2024-09-17T04:14:05Z
Found 0 PRs for issue #93169. Skipping...
Rate Limit - Remaining: 347, Limit: 5000, Resets at (UTC): 2024-09-17T04:14:05Z
PR Title: Fix noticeable freeze after saving a scene, PR URL: https://github.com/godotengine/godot/pull/93147, Commit Count: 1
Rate Limit - Remaining: 346, Limit: 5000, Resets at (UTC): 2024-09-17T04:14:05Z
Found 0 PRs for issue #92954. Skipping...
Rate Limit - Remaining: 345, Limit: 5000, Resets at (UTC): 2024-09-17T04:14:05Z
Found 0 PRs for issue #92788. Skipping...
Rate Limit - Remaining: 344, Limit: 5000, Resets at (UTC): 2024-09-17T04:14:05Z
PR Title: Fix Windows Activate Process leading to stuck input, PR URL: https://github.com/godotengine/godot/pull/92742, Commit Count: 1
Rate Limit - Remaining: 343, Limit: 5000, Resets at (UTC): 2024-09-17T04:14:05Z
PR https://github.com/godotengine/godot/pull/92838 has 2 commits. Skipping...
Rate Limit - Remaining: 342, Limit: 5000, Resets at (UTC): 2024-09-17T04:14:05Z
Found 0 PRs for issue #92269. Skipping...
Rate Limit - Remaining: 341, Limit: 5000, Resets at (UTC): 2024-09-17T04:14:05Z
Found 0 PRs for issue #92081. Skipping...
Rate Limit - Remaining: 340, Limit: 5000, Resets at (UTC): 2024-09-17T04:14:05Z
PR Title: [3.x] Fix Viewport interpolation mode, PR URL: https://github.com/godotengine/godot/pull/92152, Commit Count: 1
Rate Limit - Remaining: 339, Limit: 5000, Resets at (UTC): 2024-09-17T04:14:05Z
Found 0 PRs for issue #91357. Skipping...
Rate Limit - Remaining: 338, Limit: 5000, Resets at (UTC): 2024-09-17T04:14:05Z
Found 0 PRs for issue #91282. Skipping...
Rate Limit - Remaining: 337, Limit: 5000, Resets at (UTC): 2024-09-17T04:14:05Z
PR Title: Fix a performance regression when duplicating a node, PR URL: https://github.com/godotengine/godot/pull/91329, Commit Count: 1
Rate Limit - Remaining: 336, Limit: 5000, Resets at (UTC): 2024-09-17T04:14:05Z
Found 0 PRs for issue #91094. Skipping...
Rate Limit - Remaining: 335, Limit: 5000, Resets at (UTC): 2024-09-17T04:14:05Z
Found 0 PRs for issue #90943. Skipping...
Rate Limit - Remaining: 334, Limit: 5000, Resets at (UTC): 2024-09-17T04:14:05Z
Found 0 PRs for issue #90919. Skipping...
Rate Limit - Remaining: 333, Limit: 5000, Resets at (UTC): 2024-09-17T04:14:05Z
PR https://github.com/godotengine/godot/pull/90913 has 5 commits. Skipping...
Rate Limit - Remaining: 332, Limit: 5000, Resets at (UTC): 2024-09-17T04:14:05Z
PR Title: Warn that navigation mesh baking from Meshes is bad for runtime performance, PR URL: https://github.com/godotengine/godot/pull/90921, Commit Count: 1
Rate Limit - Remaining: 331, Limit: 5000, Resets at (UTC): 2024-09-17T04:14:05Z
Found 0 PRs for issue #90595. Skipping...
Rate Limit - Remaining: 330, Limit: 5000, Resets at (UTC): 2024-09-17T04:14:05Z
PR Title: Use threads for baking navigation mesh inside editor, PR URL: https://github.com/godotengine/godot/pull/90508, Commit Count: 1
Rate Limit - Remaining: 329, Limit: 5000, Resets at (UTC): 2024-09-17T04:14:05Z
Found 0 PRs for issue #89939. Skipping...
Rate Limit - Remaining: 328, Limit: 5000, Resets at (UTC): 2024-09-17T04:14:05Z
Found 0 PRs for issue #89795. Skipping...
Rate Limit - Remaining: 327, Limit: 5000, Resets at (UTC): 2024-09-17T04:14:05Z
Found 0 PRs for issue #88792. Skipping...
Rate Limit - Remaining: 326, Limit: 5000, Resets at (UTC): 2024-09-17T04:14:05Z
Found 0 PRs for issue #88493. Skipping...
Rate Limit - Remaining: 325, Limit: 5000, Resets at (UTC): 2024-09-17T04:14:05Z
PR Title: Wayland: Suspend window after frame timeout or suspend state, PR URL: https://github.com/godotengine/godot/pull/87750, Commit Count: 1
Rate Limit - Remaining: 324, Limit: 5000, Resets at (UTC): 2024-09-17T04:14:05Z
Found 2 PRs for issue #88085. Skipping...
Rate Limit - Remaining: 323, Limit: 5000, Resets at (UTC): 2024-09-17T04:14:05Z
Found 0 PRs for issue #88070. Skipping...
Rate Limit - Remaining: 322, Limit: 5000, Resets at (UTC): 2024-09-17T04:14:05Z
Found 0 PRs for issue #87892. Skipping...
Rate Limit - Remaining: 321, Limit: 5000, Resets at (UTC): 2024-09-17T04:14:05Z
Found 0 PRs for issue #87891. Skipping...
Rate Limit - Remaining: 320, Limit: 5000, Resets at (UTC): 2024-09-17T04:14:05Z
Found 0 PRs for issue #87665. Skipping...
Rate Limit - Remaining: 319, Limit: 5000, Resets at (UTC): 2024-09-17T04:14:05Z
Found 0 PRs for issue #87496. Skipping...
Rate Limit - Remaining: 318, Limit: 5000, Resets at (UTC): 2024-09-17T04:14:05Z
Found 0 PRs for issue #87431. Skipping...
Rate Limit - Remaining: 317, Limit: 5000, Resets at (UTC): 2024-09-17T04:14:05Z
PR Title: Allow LSP to process multiple messages per poll, PR URL: https://github.com/godotengine/godot/pull/89284, Commit Count: 1
Rate Limit - Remaining: 316, Limit: 5000, Resets at (UTC): 2024-09-17T04:14:05Z
Found 0 PRs for issue #87269. Skipping...
Rate Limit - Remaining: 315, Limit: 5000, Resets at (UTC): 2024-09-17T04:14:05Z
Found 0 PRs for issue #87174. Skipping...
Rate Limit - Remaining: 314, Limit: 5000, Resets at (UTC): 2024-09-17T04:14:05Z
Found 0 PRs for issue #86913. Skipping...
Rate Limit - Remaining: 313, Limit: 5000, Resets at (UTC): 2024-09-17T04:14:05Z
Found 0 PRs for issue #86832. Skipping...
Rate Limit - Remaining: 312, Limit: 5000, Resets at (UTC): 2024-09-17T04:14:05Z
PR Title: Only update particle velocity when it changes, PR URL: https://github.com/godotengine/godot/pull/86474, Commit Count: 1
Rate Limit - Remaining: 311, Limit: 5000, Resets at (UTC): 2024-09-17T04:14:05Z
PR Title: [WebSocket] Ensure `TCP_NODELAY` is always set, PR URL: https://github.com/godotengine/godot/pull/94618, Commit Count: 1
Rate Limit - Remaining: 310, Limit: 5000, Resets at (UTC): 2024-09-17T04:14:05Z
Found 0 PRs for issue #86011. Skipping...
Rate Limit - Remaining: 309, Limit: 5000, Resets at (UTC): 2024-09-17T04:14:05Z
Found 0 PRs for issue #85739. Skipping...
Rate Limit - Remaining: 308, Limit: 5000, Resets at (UTC): 2024-09-17T04:14:05Z
Found 2 PRs for issue #85718. Skipping...
Rate Limit - Remaining: 307, Limit: 5000, Resets at (UTC): 2024-09-17T04:14:05Z
PR Title: [macOS] Switch ANGLE backend to ANGLE over OpenGL, switch default compatibility renderer back to native., PR URL: https://github.com/godotengine/godot/pull/85785, Commit Count: 1
Rate Limit - Remaining: 306, Limit: 5000, Resets at (UTC): 2024-09-17T04:14:05Z
PR Title: Limit window size updates on title change., PR URL: https://github.com/godotengine/godot/pull/85542, Commit Count: 1
Rate Limit - Remaining: 305, Limit: 5000, Resets at (UTC): 2024-09-17T04:14:05Z
Found 2 PRs for issue #85435. Skipping...
Rate Limit - Remaining: 304, Limit: 5000, Resets at (UTC): 2024-09-17T04:14:05Z
PR Title: Use vertex input mask for creating vertex arrays, PR URL: https://github.com/godotengine/godot/pull/85092, Commit Count: 1
Rate Limit - Remaining: 303, Limit: 5000, Resets at (UTC): 2024-09-17T04:14:05Z
Found 2 PRs for issue #84910. Skipping...
Rate Limit - Remaining: 302, Limit: 5000, Resets at (UTC): 2024-09-17T04:14:05Z
Found 0 PRs for issue #84806. Skipping...
Rate Limit - Remaining: 301, Limit: 5000, Resets at (UTC): 2024-09-17T04:14:05Z
Found 0 PRs for issue #84780. Skipping...
Rate Limit - Remaining: 300, Limit: 5000, Resets at (UTC): 2024-09-17T04:14:05Z
PR Title: Add line limit to Output Log in Editor, PR URL: https://github.com/godotengine/godot/pull/91012, Commit Count: 1
Rate Limit - Remaining: 299, Limit: 5000, Resets at (UTC): 2024-09-17T04:14:05Z
Found 3 PRs for issue #84591. Skipping...
Rate Limit - Remaining: 298, Limit: 5000, Resets at (UTC): 2024-09-17T04:14:05Z
Found 0 PRs for issue #84300. Skipping...
Rate Limit - Remaining: 297, Limit: 5000, Resets at (UTC): 2024-09-17T04:14:05Z
Found 0 PRs for issue #83864. Skipping...
Rate Limit - Remaining: 296, Limit: 5000, Resets at (UTC): 2024-09-17T04:14:05Z
Found 2 PRs for issue #83744. Skipping...
Rate Limit - Remaining: 295, Limit: 5000, Resets at (UTC): 2024-09-17T04:14:05Z
Found 0 PRs for issue #83354. Skipping...
Rate Limit - Remaining: 294, Limit: 5000, Resets at (UTC): 2024-09-17T04:14:05Z
PR Title: [MP] Fix synchronizer init and reset, PR URL: https://github.com/godotengine/godot/pull/83264, Commit Count: 1
Rate Limit - Remaining: 293, Limit: 5000, Resets at (UTC): 2024-09-17T04:14:05Z
PR Title: Fix mismatch between surface vertex array generation inside the function and the caller., PR URL: https://github.com/godotengine/godot/pull/82451, Commit Count: 1
Rate Limit - Remaining: 292, Limit: 5000, Resets at (UTC): 2024-09-17T04:14:05Z
PR Title: [macOS] Use occlusionState instead of isOnActiveSpace to determine when window is drawable., PR URL: https://github.com/godotengine/godot/pull/83096, Commit Count: 1
Rate Limit - Remaining: 291, Limit: 5000, Resets at (UTC): 2024-09-17T04:14:05Z
Found 0 PRs for issue #82644. Skipping...
Rate Limit - Remaining: 290, Limit: 5000, Resets at (UTC): 2024-09-17T04:14:05Z
Found 0 PRs for issue #82426. Skipping...
Rate Limit - Remaining: 289, Limit: 5000, Resets at (UTC): 2024-09-17T04:14:05Z
Found 0 PRs for issue #82425. Skipping...
Rate Limit - Remaining: 288, Limit: 5000, Resets at (UTC): 2024-09-17T04:14:05Z
Found 0 PRs for issue #82238. Skipping...
Rate Limit - Remaining: 287, Limit: 5000, Resets at (UTC): 2024-09-17T04:14:05Z
PR Title: Improve text editor status bar and zooming UX, PR URL: https://github.com/godotengine/godot/pull/88474, Commit Count: 1
Rate Limit - Remaining: 286, Limit: 5000, Resets at (UTC): 2024-09-17T04:14:05Z
Found 0 PRs for issue #82063. Skipping...
Rate Limit - Remaining: 285, Limit: 5000, Resets at (UTC): 2024-09-17T04:14:05Z
Found 0 PRs for issue #81908. Skipping...
Rate Limit - Remaining: 284, Limit: 5000, Resets at (UTC): 2024-09-17T04:14:05Z
Found 0 PRs for issue #81871. Skipping...
Rate Limit - Remaining: 283, Limit: 5000, Resets at (UTC): 2024-09-17T04:14:05Z
Found 0 PRs for issue #81614. Skipping...
Rate Limit - Remaining: 282, Limit: 5000, Resets at (UTC): 2024-09-17T04:14:05Z
Found 0 PRs for issue #81461. Skipping...
Rate Limit - Remaining: 281, Limit: 5000, Resets at (UTC): 2024-09-17T04:14:05Z
Found 0 PRs for issue #81435. Skipping...
Rate Limit - Remaining: 280, Limit: 5000, Resets at (UTC): 2024-09-17T04:14:05Z
PR Title: [3.x] Fix JavaScript callback memory leak, PR URL: https://github.com/godotengine/godot/pull/81090, Commit Count: 1
Rate Limit - Remaining: 279, Limit: 5000, Resets at (UTC): 2024-09-17T04:14:05Z
Found 0 PRs for issue #80583. Skipping...
Rate Limit - Remaining: 278, Limit: 5000, Resets at (UTC): 2024-09-17T04:14:05Z
Found 3 PRs for issue #80513. Skipping...
Rate Limit - Remaining: 277, Limit: 5000, Resets at (UTC): 2024-09-17T04:14:05Z
Found 2 PRs for issue #80456. Skipping...
Rate Limit - Remaining: 276, Limit: 5000, Resets at (UTC): 2024-09-17T04:14:05Z
Found 0 PRs for issue #80336. Skipping...
Rate Limit - Remaining: 275, Limit: 5000, Resets at (UTC): 2024-09-17T04:14:05Z
Found 0 PRs for issue #80253. Skipping...
Rate Limit - Remaining: 274, Limit: 5000, Resets at (UTC): 2024-09-17T04:14:05Z
PR Title: Only store vertices referenced by the indices per surface in the glTF importer, PR URL: https://github.com/godotengine/godot/pull/89418, Commit Count: 1
Rate Limit - Remaining: 273, Limit: 5000, Resets at (UTC): 2024-09-17T04:14:05Z
PR Title: GDExtension: `PtrToArg::convert()` uses const-reference where possible, PR URL: https://github.com/godotengine/godot/pull/80075, Commit Count: 1
Rate Limit - Remaining: 272, Limit: 5000, Resets at (UTC): 2024-09-17T04:14:05Z
Found 0 PRs for issue #79956. Skipping...
Rate Limit - Remaining: 271, Limit: 5000, Resets at (UTC): 2024-09-17T04:14:05Z
PR Title: GUI: Fix `Tree` performance regression by using cache, PR URL: https://github.com/godotengine/godot/pull/79325, Commit Count: 1
Rate Limit - Remaining: 270, Limit: 5000, Resets at (UTC): 2024-09-17T04:14:05Z
Found 0 PRs for issue #79817. Skipping...
Rate Limit - Remaining: 269, Limit: 5000, Resets at (UTC): 2024-09-17T04:14:05Z
Found 0 PRs for issue #79667. Skipping...
Rate Limit - Remaining: 268, Limit: 5000, Resets at (UTC): 2024-09-17T04:14:05Z
PR https://github.com/godotengine/godot/pull/79833 has 2 commits. Skipping...
Rate Limit - Remaining: 267, Limit: 5000, Resets at (UTC): 2024-09-17T04:14:05Z
Found 0 PRs for issue #79514. Skipping...
Rate Limit - Remaining: 266, Limit: 5000, Resets at (UTC): 2024-09-17T04:14:05Z
PR Title: GUI: Fix `Tree` performance regression by using cache, PR URL: https://github.com/godotengine/godot/pull/79325, Commit Count: 1
Rate Limit - Remaining: 265, Limit: 5000, Resets at (UTC): 2024-09-17T04:14:05Z
Found 0 PRs for issue #79222. Skipping...
Rate Limit - Remaining: 264, Limit: 5000, Resets at (UTC): 2024-09-17T04:14:05Z
Found 0 PRs for issue #79160. Skipping...
Rate Limit - Remaining: 263, Limit: 5000, Resets at (UTC): 2024-09-17T04:14:05Z
Found 0 PRs for issue #78999. Skipping...
Rate Limit - Remaining: 262, Limit: 5000, Resets at (UTC): 2024-09-17T04:14:05Z
Found 0 PRs for issue #78915. Skipping...
Rate Limit - Remaining: 261, Limit: 5000, Resets at (UTC): 2024-09-17T04:14:05Z
Found 0 PRs for issue #78895. Skipping...
Rate Limit - Remaining: 260, Limit: 5000, Resets at (UTC): 2024-09-17T04:14:05Z
Found 0 PRs for issue #78894. Skipping...
Rate Limit - Remaining: 259, Limit: 5000, Resets at (UTC): 2024-09-17T04:14:05Z
Found 0 PRs for issue #78874. Skipping...
Rate Limit - Remaining: 258, Limit: 5000, Resets at (UTC): 2024-09-17T04:14:05Z
Found 0 PRs for issue #78761. Skipping...
Rate Limit - Remaining: 257, Limit: 5000, Resets at (UTC): 2024-09-17T04:14:05Z
PR Title: Improve script icon cache, PR URL: https://github.com/godotengine/godot/pull/78670, Commit Count: 1
Rate Limit - Remaining: 256, Limit: 5000, Resets at (UTC): 2024-09-17T04:14:05Z
PR Title: SCons: Disable misbehaving MSVC incremental linking, PR URL: https://github.com/godotengine/godot/pull/80482, Commit Count: 1
Rate Limit - Remaining: 255, Limit: 5000, Resets at (UTC): 2024-09-17T04:14:05Z
Found 2 PRs for issue #77754. Skipping...
Rate Limit - Remaining: 254, Limit: 5000, Resets at (UTC): 2024-09-17T04:14:05Z
Found 0 PRs for issue #77741. Skipping...
Rate Limit - Remaining: 253, Limit: 5000, Resets at (UTC): 2024-09-17T04:14:05Z
PR Title: Fix use of discard in shaders, PR URL: https://github.com/godotengine/godot/pull/79865, Commit Count: 1
Rate Limit - Remaining: 252, Limit: 5000, Resets at (UTC): 2024-09-17T04:14:05Z
PR Title: Move TileMap layers to their own class, PR URL: https://github.com/godotengine/godot/pull/78328, Commit Count: 1
Rate Limit - Remaining: 251, Limit: 5000, Resets at (UTC): 2024-09-17T04:14:05Z
PR Title: Fix unnecessary break when calculating the height of visible lines, PR URL: https://github.com/godotengine/godot/pull/77280, Commit Count: 1
Rate Limit - Remaining: 250, Limit: 5000, Resets at (UTC): 2024-09-17T04:14:05Z
Found 0 PRs for issue #77203. Skipping...
Rate Limit - Remaining: 249, Limit: 5000, Resets at (UTC): 2024-09-17T04:14:05Z
Found 2 PRs for issue #77124. Skipping...
Rate Limit - Remaining: 248, Limit: 5000, Resets at (UTC): 2024-09-17T04:14:05Z
PR Title: Document performance caveats of RGB image formats versus RGBA, PR URL: https://github.com/godotengine/godot/pull/79771, Commit Count: 1
Rate Limit - Remaining: 247, Limit: 5000, Resets at (UTC): 2024-09-17T04:14:05Z
Found 0 PRs for issue #76880. Skipping...
Rate Limit - Remaining: 246, Limit: 5000, Resets at (UTC): 2024-09-17T04:14:05Z
Found 2 PRs for issue #76501. Skipping...
Rate Limit - Remaining: 245, Limit: 5000, Resets at (UTC): 2024-09-17T04:14:05Z
PR Title: Enable fast saving mode for PNGs, PR URL: https://github.com/godotengine/godot/pull/74324, Commit Count: 1
Rate Limit - Remaining: 244, Limit: 5000, Resets at (UTC): 2024-09-17T04:14:05Z
Found 2 PRs for issue #76144. Skipping...
Rate Limit - Remaining: 243, Limit: 5000, Resets at (UTC): 2024-09-17T04:14:05Z
PR Title: Improve `Skeleton3D::find_bone()` performance, PR URL: https://github.com/godotengine/godot/pull/77307, Commit Count: 1
Rate Limit - Remaining: 242, Limit: 5000, Resets at (UTC): 2024-09-17T04:14:05Z
Found 0 PRs for issue #75730. Skipping...
Rate Limit - Remaining: 241, Limit: 5000, Resets at (UTC): 2024-09-17T04:14:05Z
Found 0 PRs for issue #75187. Skipping...
Rate Limit - Remaining: 240, Limit: 5000, Resets at (UTC): 2024-09-17T04:14:05Z
Found 0 PRs for issue #74882. Skipping...
Rate Limit - Remaining: 239, Limit: 5000, Resets at (UTC): 2024-09-17T04:14:05Z
Found 3 PRs for issue #74733. Skipping...
Rate Limit - Remaining: 238, Limit: 5000, Resets at (UTC): 2024-09-17T04:14:05Z
Found 0 PRs for issue #74614. Skipping...
Rate Limit - Remaining: 237, Limit: 5000, Resets at (UTC): 2024-09-17T04:14:05Z
PR Title: Greatly improve Y-sort performance on TileMaps, PR URL: https://github.com/godotengine/godot/pull/73813, Commit Count: 1
Rate Limit - Remaining: 236, Limit: 5000, Resets at (UTC): 2024-09-17T04:14:05Z
Found 0 PRs for issue #74292. Skipping...
Rate Limit - Remaining: 235, Limit: 5000, Resets at (UTC): 2024-09-17T04:14:05Z
Found 0 PRs for issue #74281. Skipping...
Rate Limit - Remaining: 234, Limit: 5000, Resets at (UTC): 2024-09-17T04:14:05Z
Found 0 PRs for issue #74131. Skipping...
Rate Limit - Remaining: 233, Limit: 5000, Resets at (UTC): 2024-09-17T04:14:05Z
Found 0 PRs for issue #74034. Skipping...
Rate Limit - Remaining: 232, Limit: 5000, Resets at (UTC): 2024-09-17T04:14:05Z
Found 2 PRs for issue #73936. Skipping...
Rate Limit - Remaining: 231, Limit: 5000, Resets at (UTC): 2024-09-17T04:14:05Z
Found 0 PRs for issue #73627. Skipping...
Rate Limit - Remaining: 230, Limit: 5000, Resets at (UTC): 2024-09-17T04:14:05Z
PR Title: Improve X11 `screen_get_refresh_rate` performance, PR URL: https://github.com/godotengine/godot/pull/83902, Commit Count: 1
Rate Limit - Remaining: 229, Limit: 5000, Resets at (UTC): 2024-09-17T04:14:05Z
Found 0 PRs for issue #73494. Skipping...
Rate Limit - Remaining: 228, Limit: 5000, Resets at (UTC): 2024-09-17T04:14:05Z
Found 0 PRs for issue #73289. Skipping...
Rate Limit - Remaining: 227, Limit: 5000, Resets at (UTC): 2024-09-17T04:14:05Z
Found 0 PRs for issue #73270. Skipping...
Rate Limit - Remaining: 226, Limit: 5000, Resets at (UTC): 2024-09-17T04:14:05Z
Found 0 PRs for issue #73204. Skipping...
Rate Limit - Remaining: 225, Limit: 5000, Resets at (UTC): 2024-09-17T04:14:05Z
PR Title: Optimize `draw_dashed_line()` and `draw_rect()`, PR URL: https://github.com/godotengine/godot/pull/72880, Commit Count: 1
Rate Limit - Remaining: 224, Limit: 5000, Resets at (UTC): 2024-09-17T04:14:05Z
PR Title: Set Default compression to VRAM uncompressed for LightmapGI, PR URL: https://github.com/godotengine/godot/pull/73136, Commit Count: 1
Rate Limit - Remaining: 223, Limit: 5000, Resets at (UTC): 2024-09-17T04:14:05Z
PR Title: ShaderRD compilation groups, PR URL: https://github.com/godotengine/godot/pull/79606, Commit Count: 1
Rate Limit - Remaining: 222, Limit: 5000, Resets at (UTC): 2024-09-17T04:14:05Z
Found 0 PRs for issue #72458. Skipping...
Rate Limit - Remaining: 221, Limit: 5000, Resets at (UTC): 2024-09-17T04:14:05Z
Found 0 PRs for issue #72185. Skipping...
Rate Limit - Remaining: 220, Limit: 5000, Resets at (UTC): 2024-09-17T04:14:05Z
Found 2 PRs for issue #71794. Skipping...
Rate Limit - Remaining: 219, Limit: 5000, Resets at (UTC): 2024-09-17T04:14:05Z
PR Title: Fix constant editor redraw after shortcut, PR URL: https://github.com/godotengine/godot/pull/71798, Commit Count: 1
Rate Limit - Remaining: 218, Limit: 5000, Resets at (UTC): 2024-09-17T04:14:05Z
Found 0 PRs for issue #71504. Skipping...
Rate Limit - Remaining: 217, Limit: 5000, Resets at (UTC): 2024-09-17T04:14:05Z
Found 0 PRs for issue #70971. Skipping...
Rate Limit - Remaining: 216, Limit: 5000, Resets at (UTC): 2024-09-17T04:14:05Z
Found 0 PRs for issue #70895. Skipping...
Rate Limit - Remaining: 215, Limit: 5000, Resets at (UTC): 2024-09-17T04:14:05Z
PR Title: Ensure OpenXR classes are declared properly, PR URL: https://github.com/godotengine/godot/pull/81037, Commit Count: 1
Rate Limit - Remaining: 214, Limit: 5000, Resets at (UTC): 2024-09-17T04:14:05Z
Found 0 PRs for issue #70672. Skipping...
Rate Limit - Remaining: 213, Limit: 5000, Resets at (UTC): 2024-09-17T04:14:05Z
Found 0 PRs for issue #70380. Skipping...
Rate Limit - Remaining: 212, Limit: 5000, Resets at (UTC): 2024-09-17T04:14:05Z
Found 0 PRs for issue #70320. Skipping...
Rate Limit - Remaining: 211, Limit: 5000, Resets at (UTC): 2024-09-17T04:14:05Z
Found 0 PRs for issue #70017. Skipping...
Rate Limit - Remaining: 210, Limit: 5000, Resets at (UTC): 2024-09-17T04:14:05Z
PR Title: `TileMap` Pass some parameters by `const &` instead of by value, PR URL: https://github.com/godotengine/godot/pull/69950, Commit Count: 1
Rate Limit - Remaining: 209, Limit: 5000, Resets at (UTC): 2024-09-17T04:14:05Z
PR Title: Allow LSP to process multiple messages per poll, PR URL: https://github.com/godotengine/godot/pull/89284, Commit Count: 1
Rate Limit - Remaining: 208, Limit: 5000, Resets at (UTC): 2024-09-17T04:14:05Z
Found 2 PRs for issue #69874. Skipping...
Rate Limit - Remaining: 207, Limit: 5000, Resets at (UTC): 2024-09-17T04:14:05Z
Found 0 PRs for issue #69359. Skipping...
Rate Limit - Remaining: 206, Limit: 5000, Resets at (UTC): 2024-09-17T04:14:05Z
Found 0 PRs for issue #68947. Skipping...
Rate Limit - Remaining: 205, Limit: 5000, Resets at (UTC): 2024-09-17T04:14:05Z
Found 0 PRs for issue #68763. Skipping...
Rate Limit - Remaining: 204, Limit: 5000, Resets at (UTC): 2024-09-17T04:14:05Z
Found 0 PRs for issue #68634. Skipping...
Rate Limit - Remaining: 203, Limit: 5000, Resets at (UTC): 2024-09-17T04:14:05Z
PR https://github.com/godotengine/godot/pull/67750 has 2 commits. Skipping...
Rate Limit - Remaining: 202, Limit: 5000, Resets at (UTC): 2024-09-17T04:14:05Z
PR Title: Fix SceneImportSettings perf issues, PR URL: https://github.com/godotengine/godot/pull/71691, Commit Count: 1
Rate Limit - Remaining: 201, Limit: 5000, Resets at (UTC): 2024-09-17T04:14:05Z
Found 0 PRs for issue #68232. Skipping...
Rate Limit - Remaining: 200, Limit: 5000, Resets at (UTC): 2024-09-17T04:14:05Z
PR Title: Pace debugger draw requests, PR URL: https://github.com/godotengine/godot/pull/72827, Commit Count: 1
Rate Limit - Remaining: 199, Limit: 5000, Resets at (UTC): 2024-09-17T04:14:05Z
Found 3 PRs for issue #67520. Skipping...
Rate Limit - Remaining: 198, Limit: 5000, Resets at (UTC): 2024-09-17T04:14:05Z
Found 0 PRs for issue #67413. Skipping...
Rate Limit - Remaining: 197, Limit: 5000, Resets at (UTC): 2024-09-17T04:14:05Z
PR Title: Fix burning CPU with udev disabled on Flatpak, PR URL: https://github.com/godotengine/godot/pull/69563, Commit Count: 1
Rate Limit - Remaining: 196, Limit: 5000, Resets at (UTC): 2024-09-17T04:14:05Z
PR Title: Fix Stutter when generating physics for objects in the "Advanced Import Settings" Window, PR URL: https://github.com/godotengine/godot/pull/67269, Commit Count: 1
Rate Limit - Remaining: 195, Limit: 5000, Resets at (UTC): 2024-09-17T04:14:05Z
PR Title: Improve performance of imported file scan, PR URL: https://github.com/godotengine/godot/pull/71441, Commit Count: 1
Rate Limit - Remaining: 194, Limit: 5000, Resets at (UTC): 2024-09-17T04:14:05Z
Found 0 PRs for issue #66738. Skipping...
Rate Limit - Remaining: 193, Limit: 5000, Resets at (UTC): 2024-09-17T04:14:05Z
PR https://github.com/godotengine/godot/pull/67215 has 2 commits. Skipping...
Rate Limit - Remaining: 192, Limit: 5000, Resets at (UTC): 2024-09-17T04:14:05Z
Found 0 PRs for issue #66617. Skipping...
Rate Limit - Remaining: 191, Limit: 5000, Resets at (UTC): 2024-09-17T04:14:05Z
Found 0 PRs for issue #66469. Skipping...
Rate Limit - Remaining: 190, Limit: 5000, Resets at (UTC): 2024-09-17T04:14:05Z
Found 0 PRs for issue #66354. Skipping...
Rate Limit - Remaining: 189, Limit: 5000, Resets at (UTC): 2024-09-17T04:14:05Z
Found 0 PRs for issue #66220. Skipping...
Rate Limit - Remaining: 188, Limit: 5000, Resets at (UTC): 2024-09-17T04:14:05Z
Found 2 PRs for issue #66179. Skipping...
Rate Limit - Remaining: 187, Limit: 5000, Resets at (UTC): 2024-09-17T04:14:05Z
Found 0 PRs for issue #66055. Skipping...
Rate Limit - Remaining: 186, Limit: 5000, Resets at (UTC): 2024-09-17T04:14:05Z
Found 0 PRs for issue #65923. Skipping...
Rate Limit - Remaining: 185, Limit: 5000, Resets at (UTC): 2024-09-17T04:14:05Z
Found 0 PRs for issue #65908. Skipping...
Rate Limit - Remaining: 184, Limit: 5000, Resets at (UTC): 2024-09-17T04:14:05Z
Found 0 PRs for issue #65894. Skipping...
Rate Limit - Remaining: 183, Limit: 5000, Resets at (UTC): 2024-09-17T04:14:05Z
Found 0 PRs for issue #65875. Skipping...
Rate Limit - Remaining: 182, Limit: 5000, Resets at (UTC): 2024-09-17T04:14:05Z
Found 0 PRs for issue #65521. Skipping...
Rate Limit - Remaining: 181, Limit: 5000, Resets at (UTC): 2024-09-17T04:14:05Z
PR Title: [RTL] Stop threaded RTL auto-redrawing as soon as text processing is finished, instead of waiting for first redraw., PR URL: https://github.com/godotengine/godot/pull/65498, Commit Count: 1
Rate Limit - Remaining: 180, Limit: 5000, Resets at (UTC): 2024-09-17T04:14:05Z
Found 2 PRs for issue #65199. Skipping...
Rate Limit - Remaining: 179, Limit: 5000, Resets at (UTC): 2024-09-17T04:14:05Z
PR Title: Cache OS_LinuxBSD::get_system_dir, PR URL: https://github.com/godotengine/godot/pull/68504, Commit Count: 1
Rate Limit - Remaining: 178, Limit: 5000, Resets at (UTC): 2024-09-17T04:14:05Z
Found 0 PRs for issue #64906. Skipping...
Rate Limit - Remaining: 177, Limit: 5000, Resets at (UTC): 2024-09-17T04:14:05Z
Found 0 PRs for issue #64884. Skipping...
Rate Limit - Remaining: 176, Limit: 5000, Resets at (UTC): 2024-09-17T04:14:05Z
Found 0 PRs for issue #64677. Skipping...
Rate Limit - Remaining: 175, Limit: 5000, Resets at (UTC): 2024-09-17T04:14:05Z
Found 0 PRs for issue #64552. Skipping...
Rate Limit - Remaining: 174, Limit: 5000, Resets at (UTC): 2024-09-17T04:14:05Z
Found 0 PRs for issue #64528. Skipping...
Rate Limit - Remaining: 173, Limit: 5000, Resets at (UTC): 2024-09-17T04:14:05Z
Found 0 PRs for issue #64203. Skipping...
Rate Limit - Remaining: 172, Limit: 5000, Resets at (UTC): 2024-09-17T04:14:05Z
Found 0 PRs for issue #64179. Skipping...
Rate Limit - Remaining: 171, Limit: 5000, Resets at (UTC): 2024-09-17T04:14:05Z
Found 2 PRs for issue #64094. Skipping...
Rate Limit - Remaining: 170, Limit: 5000, Resets at (UTC): 2024-09-17T04:14:05Z
Found 0 PRs for issue #63836. Skipping...
Rate Limit - Remaining: 169, Limit: 5000, Resets at (UTC): 2024-09-17T04:14:05Z
Found 3 PRs for issue #63434. Skipping...
Rate Limit - Remaining: 168, Limit: 5000, Resets at (UTC): 2024-09-17T04:14:05Z
Found 0 PRs for issue #63419. Skipping...
Rate Limit - Remaining: 167, Limit: 5000, Resets at (UTC): 2024-09-17T04:14:05Z
PR Title: Add new Parallax2D node, PR URL: https://github.com/godotengine/godot/pull/87391, Commit Count: 1
Rate Limit - Remaining: 166, Limit: 5000, Resets at (UTC): 2024-09-17T04:14:05Z
Found 2 PRs for issue #62969. Skipping...
Rate Limit - Remaining: 165, Limit: 5000, Resets at (UTC): 2024-09-17T04:14:05Z
Found 0 PRs for issue #62882. Skipping...
Rate Limit - Remaining: 164, Limit: 5000, Resets at (UTC): 2024-09-17T04:14:05Z
Found 2 PRs for issue #62322. Skipping...
Rate Limit - Remaining: 163, Limit: 5000, Resets at (UTC): 2024-09-17T04:14:05Z
Found 0 PRs for issue #62319. Skipping...
Rate Limit - Remaining: 162, Limit: 5000, Resets at (UTC): 2024-09-17T04:14:05Z
Found 0 PRs for issue #62296. Skipping...
Rate Limit - Remaining: 161, Limit: 5000, Resets at (UTC): 2024-09-17T04:14:05Z
PR Title: [Net] Fix SceneReplicationConfig setter., PR URL: https://github.com/godotengine/godot/pull/62144, Commit Count: 1
Rate Limit - Remaining: 160, Limit: 5000, Resets at (UTC): 2024-09-17T04:14:05Z
PR Title: Physics Interpolation - fix continuous updating in unmoving objects, PR URL: https://github.com/godotengine/godot/pull/62211, Commit Count: 1
Rate Limit - Remaining: 159, Limit: 5000, Resets at (UTC): 2024-09-17T04:14:05Z
PR Title: Use opaque rendering pipeline for alpha hash materials, PR URL: https://github.com/godotengine/godot/pull/61884, Commit Count: 1
Rate Limit - Remaining: 158, Limit: 5000, Resets at (UTC): 2024-09-17T04:14:05Z
PR Title: Fix that the focus-out notification got sent deferred (reverted), PR URL: https://github.com/godotengine/godot/pull/78398, Commit Count: 1
Rate Limit - Remaining: 157, Limit: 5000, Resets at (UTC): 2024-09-17T04:14:05Z
Found 2 PRs for issue #61645. Skipping...
Rate Limit - Remaining: 156, Limit: 5000, Resets at (UTC): 2024-09-17T04:14:05Z
Found 2 PRs for issue #61343. Skipping...
Rate Limit - Remaining: 155, Limit: 5000, Resets at (UTC): 2024-09-17T04:14:05Z
PR Title: Process NavigationAgent2D/3D avoidance on demand only, PR URL: https://github.com/godotengine/godot/pull/61235, Commit Count: 1
Rate Limit - Remaining: 154, Limit: 5000, Resets at (UTC): 2024-09-17T04:14:05Z
Found 0 PRs for issue #61046. Skipping...
Rate Limit - Remaining: 153, Limit: 5000, Resets at (UTC): 2024-09-17T04:14:05Z
PR Title: [4.x] Use depth prepass to increase opaque render performance, PR URL: https://github.com/godotengine/godot/pull/70214, Commit Count: 1
Rate Limit - Remaining: 152, Limit: 5000, Resets at (UTC): 2024-09-17T04:14:05Z
Found 0 PRs for issue #60217. Skipping...
Rate Limit - Remaining: 151, Limit: 5000, Resets at (UTC): 2024-09-17T04:14:05Z
PR Title: Cache script icons in editor, PR URL: https://github.com/godotengine/godot/pull/60789, Commit Count: 1
Rate Limit - Remaining: 150, Limit: 5000, Resets at (UTC): 2024-09-17T04:14:05Z
Found 0 PRs for issue #60110. Skipping...
Rate Limit - Remaining: 149, Limit: 5000, Resets at (UTC): 2024-09-17T04:14:05Z
PR Title: Use ThreadWorkPool instead of thread_process_array in NavMap, PR URL: https://github.com/godotengine/godot/pull/60359, Commit Count: 1
Rate Limit - Remaining: 148, Limit: 5000, Resets at (UTC): 2024-09-17T04:14:05Z
Found 0 PRs for issue #59491. Skipping...
Rate Limit - Remaining: 147, Limit: 5000, Resets at (UTC): 2024-09-17T04:14:05Z
Found 0 PRs for issue #59363. Skipping...
Rate Limit - Remaining: 146, Limit: 5000, Resets at (UTC): 2024-09-17T04:14:05Z
Found 0 PRs for issue #59281. Skipping...
Rate Limit - Remaining: 145, Limit: 5000, Resets at (UTC): 2024-09-17T04:14:05Z
Found 2 PRs for issue #58941. Skipping...
Rate Limit - Remaining: 144, Limit: 5000, Resets at (UTC): 2024-09-17T04:14:05Z
PR Title: TileMap: Use const ref for all Vector2 parameters, PR URL: https://github.com/godotengine/godot/pull/60656, Commit Count: 1
Rate Limit - Remaining: 143, Limit: 5000, Resets at (UTC): 2024-09-17T04:14:05Z
Found 0 PRs for issue #58501. Skipping...
Rate Limit - Remaining: 142, Limit: 5000, Resets at (UTC): 2024-09-17T04:14:05Z
Found 0 PRs for issue #58366. Skipping...
Rate Limit - Remaining: 141, Limit: 5000, Resets at (UTC): 2024-09-17T04:14:05Z
Found 0 PRs for issue #58199. Skipping...
Rate Limit - Remaining: 140, Limit: 5000, Resets at (UTC): 2024-09-17T04:14:05Z
PR Title: Fix new performance regressions (short delay_usec), PR URL: https://github.com/godotengine/godot/pull/58081, Commit Count: 1
Rate Limit - Remaining: 139, Limit: 5000, Resets at (UTC): 2024-09-17T04:14:05Z
Found 0 PRs for issue #58068. Skipping...
Rate Limit - Remaining: 138, Limit: 5000, Resets at (UTC): 2024-09-17T04:14:05Z
PR Title: Limit inspector updates when dragging anchored controls, PR URL: https://github.com/godotengine/godot/pull/58030, Commit Count: 1
Rate Limit - Remaining: 137, Limit: 5000, Resets at (UTC): 2024-09-17T04:14:05Z
Found 2 PRs for issue #58012. Skipping...
Rate Limit - Remaining: 136, Limit: 5000, Resets at (UTC): 2024-09-17T04:14:05Z
PR Title: Fix 3D sky update performance regression, PR URL: https://github.com/godotengine/godot/pull/57933, Commit Count: 1
Rate Limit - Remaining: 135, Limit: 5000, Resets at (UTC): 2024-09-17T04:14:05Z
PR Title: Document performance limitations with CSG nodes, link to tutorial, PR URL: https://github.com/godotengine/godot/pull/57752, Commit Count: 1
Rate Limit - Remaining: 134, Limit: 5000, Resets at (UTC): 2024-09-17T04:14:05Z
Found 0 PRs for issue #57599. Skipping...
Rate Limit - Remaining: 133, Limit: 5000, Resets at (UTC): 2024-09-17T04:14:05Z
Found 0 PRs for issue #57560. Skipping...
Rate Limit - Remaining: 132, Limit: 5000, Resets at (UTC): 2024-09-17T04:14:05Z
Found 3 PRs for issue #57549. Skipping...
Rate Limit - Remaining: 131, Limit: 5000, Resets at (UTC): 2024-09-17T04:14:05Z
Found 0 PRs for issue #57342. Skipping...
Rate Limit - Remaining: 130, Limit: 5000, Resets at (UTC): 2024-09-17T04:14:05Z
Found 0 PRs for issue #57258. Skipping...
Rate Limit - Remaining: 129, Limit: 5000, Resets at (UTC): 2024-09-17T04:14:05Z
PR Title: Increase RemoteDebuggerPeerTCP poll to 6.9ms to reduce CPU usage, PR URL: https://github.com/godotengine/godot/pull/57526, Commit Count: 1
Rate Limit - Remaining: 128, Limit: 5000, Resets at (UTC): 2024-09-17T04:14:05Z
Found 3 PRs for issue #57148. Skipping...
Rate Limit - Remaining: 127, Limit: 5000, Resets at (UTC): 2024-09-17T04:14:05Z
Found 0 PRs for issue #57039. Skipping...
Rate Limit - Remaining: 126, Limit: 5000, Resets at (UTC): 2024-09-17T04:14:05Z
Found 0 PRs for issue #56939. Skipping...
Rate Limit - Remaining: 125, Limit: 5000, Resets at (UTC): 2024-09-17T04:14:05Z
PR Title: [Editor] Do not update editor help theme, if calculated margin hasn't changed., PR URL: https://github.com/godotengine/godot/pull/57111, Commit Count: 1
Rate Limit - Remaining: 124, Limit: 5000, Resets at (UTC): 2024-09-17T04:14:05Z
Found 3 PRs for issue #56838. Skipping...
Rate Limit - Remaining: 123, Limit: 5000, Resets at (UTC): 2024-09-17T04:14:05Z
Found 0 PRs for issue #56467. Skipping...
Rate Limit - Remaining: 122, Limit: 5000, Resets at (UTC): 2024-09-17T04:14:05Z
Found 0 PRs for issue #56400. Skipping...
Rate Limit - Remaining: 121, Limit: 5000, Resets at (UTC): 2024-09-17T04:14:05Z
PR Title: Make the theme editor correctly stop updating after it was hidden, PR URL: https://github.com/godotengine/godot/pull/56327, Commit Count: 1
Rate Limit - Remaining: 120, Limit: 5000, Resets at (UTC): 2024-09-17T04:14:05Z
PR Title: Fix volumetric fog memory leak on resize, PR URL: https://github.com/godotengine/godot/pull/56889, Commit Count: 1
Rate Limit - Remaining: 119, Limit: 5000, Resets at (UTC): 2024-09-17T04:14:05Z
Found 0 PRs for issue #56040. Skipping...
Rate Limit - Remaining: 118, Limit: 5000, Resets at (UTC): 2024-09-17T04:14:05Z
Found 0 PRs for issue #55815. Skipping...
Rate Limit - Remaining: 117, Limit: 5000, Resets at (UTC): 2024-09-17T04:14:05Z
Found 0 PRs for issue #55632. Skipping...
Rate Limit - Remaining: 116, Limit: 5000, Resets at (UTC): 2024-09-17T04:14:05Z
Found 0 PRs for issue #55193. Skipping...
Rate Limit - Remaining: 115, Limit: 5000, Resets at (UTC): 2024-09-17T04:14:05Z
Found 2 PRs for issue #55037. Skipping...
Rate Limit - Remaining: 114, Limit: 5000, Resets at (UTC): 2024-09-17T04:14:05Z
PR Title: Avoid recreating TileMap internals when selecting it, PR URL: https://github.com/godotengine/godot/pull/71604, Commit Count: 1
Rate Limit - Remaining: 113, Limit: 5000, Resets at (UTC): 2024-09-17T04:14:05Z
PR Title: Faster editor line drawing - Path2D and draw_line, PR URL: https://github.com/godotengine/godot/pull/54377, Commit Count: 1
Rate Limit - Remaining: 112, Limit: 5000, Resets at (UTC): 2024-09-17T04:14:05Z
PR Title: Tweak the editor environment defaults and its interface, PR URL: https://github.com/godotengine/godot/pull/49736, Commit Count: 1
Rate Limit - Remaining: 111, Limit: 5000, Resets at (UTC): 2024-09-17T04:14:05Z
Found 0 PRs for issue #54531. Skipping...
Rate Limit - Remaining: 110, Limit: 5000, Resets at (UTC): 2024-09-17T04:14:05Z
PR Title: ThreadWorkPool to no longer start worker threads if given zero work, PR URL: https://github.com/godotengine/godot/pull/54486, Commit Count: 1
Rate Limit - Remaining: 109, Limit: 5000, Resets at (UTC): 2024-09-17T04:14:05Z
Found 0 PRs for issue #54368. Skipping...
Rate Limit - Remaining: 108, Limit: 5000, Resets at (UTC): 2024-09-17T04:14:05Z
Found 2 PRs for issue #54291. Skipping...
Rate Limit - Remaining: 107, Limit: 5000, Resets at (UTC): 2024-09-17T04:14:05Z
Found 2 PRs for issue #54177. Skipping...
Rate Limit - Remaining: 106, Limit: 5000, Resets at (UTC): 2024-09-17T04:14:05Z
Found 0 PRs for issue #54066. Skipping...
Rate Limit - Remaining: 105, Limit: 5000, Resets at (UTC): 2024-09-17T04:14:05Z
Found 0 PRs for issue #54007. Skipping...
Rate Limit - Remaining: 104, Limit: 5000, Resets at (UTC): 2024-09-17T04:14:05Z
Found 2 PRs for issue #53969. Skipping...
Rate Limit - Remaining: 103, Limit: 5000, Resets at (UTC): 2024-09-17T04:14:05Z
PR Title: Allow automatic lod when importing 3D scenes with Static Lightmaps, PR URL: https://github.com/godotengine/godot/pull/58548, Commit Count: 1
Rate Limit - Remaining: 102, Limit: 5000, Resets at (UTC): 2024-09-17T04:14:05Z
Found 0 PRs for issue #53802. Skipping...
Rate Limit - Remaining: 101, Limit: 5000, Resets at (UTC): 2024-09-17T04:14:05Z
Found 0 PRs for issue #53587. Skipping...
Rate Limit - Remaining: 100, Limit: 5000, Resets at (UTC): 2024-09-17T04:14:05Z
Found 0 PRs for issue #53537. Skipping...
Rate Limit - Remaining: 99, Limit: 5000, Resets at (UTC): 2024-09-17T04:14:05Z
PR Title: [3.x] Speedup running very big GDScript files, PR URL: https://github.com/godotengine/godot/pull/53507, Commit Count: 1
Rate Limit - Remaining: 98, Limit: 5000, Resets at (UTC): 2024-09-17T04:14:05Z
Found 0 PRs for issue #53348. Skipping...
Rate Limit - Remaining: 97, Limit: 5000, Resets at (UTC): 2024-09-17T04:14:05Z
Found 2 PRs for issue #53206. Skipping...
Rate Limit - Remaining: 96, Limit: 5000, Resets at (UTC): 2024-09-17T04:14:05Z
Found 2 PRs for issue #53087. Skipping...
Rate Limit - Remaining: 95, Limit: 5000, Resets at (UTC): 2024-09-17T04:14:05Z
Found 0 PRs for issue #52822. Skipping...
Rate Limit - Remaining: 94, Limit: 5000, Resets at (UTC): 2024-09-17T04:14:05Z
PR Title: Updated Tabs to not update excessively, PR URL: https://github.com/godotengine/godot/pull/52824, Commit Count: 1
Rate Limit - Remaining: 93, Limit: 5000, Resets at (UTC): 2024-09-17T04:14:05Z
Found 0 PRs for issue #52304. Skipping...
Rate Limit - Remaining: 92, Limit: 5000, Resets at (UTC): 2024-09-17T04:14:05Z
Found 3 PRs for issue #51909. Skipping...
Rate Limit - Remaining: 91, Limit: 5000, Resets at (UTC): 2024-09-17T04:14:05Z
Found 0 PRs for issue #51475. Skipping...
Rate Limit - Remaining: 90, Limit: 5000, Resets at (UTC): 2024-09-17T04:14:05Z
Found 0 PRs for issue #51472. Skipping...
Rate Limit - Remaining: 89, Limit: 5000, Resets at (UTC): 2024-09-17T04:14:05Z
PR https://github.com/godotengine/godot/pull/51585 has 3 commits. Skipping...
Rate Limit - Remaining: 88, Limit: 5000, Resets at (UTC): 2024-09-17T04:14:05Z
PR Title: Document low performance when using `SurfaceTool.append_from()` in thread, PR URL: https://github.com/godotengine/godot/pull/54982, Commit Count: 1
Rate Limit - Remaining: 87, Limit: 5000, Resets at (UTC): 2024-09-17T04:14:05Z
Found 0 PRs for issue #51288. Skipping...
Rate Limit - Remaining: 86, Limit: 5000, Resets at (UTC): 2024-09-17T04:14:05Z
PR Title: Remove the tilemap/tileset editor switch, move it to tabs, PR URL: https://github.com/godotengine/godot/pull/53994, Commit Count: 1
Rate Limit - Remaining: 85, Limit: 5000, Resets at (UTC): 2024-09-17T04:14:05Z
Found 0 PRs for issue #50300. Skipping...
Rate Limit - Remaining: 84, Limit: 5000, Resets at (UTC): 2024-09-17T04:14:05Z
Found 0 PRs for issue #49170. Skipping...
Rate Limit - Remaining: 83, Limit: 5000, Resets at (UTC): 2024-09-17T04:14:05Z
Found 0 PRs for issue #48171. Skipping...
Rate Limit - Remaining: 82, Limit: 5000, Resets at (UTC): 2024-09-17T04:14:05Z
Found 0 PRs for issue #47897. Skipping...
Rate Limit - Remaining: 81, Limit: 5000, Resets at (UTC): 2024-09-17T04:14:05Z
Found 0 PRs for issue #47839. Skipping...
Rate Limit - Remaining: 80, Limit: 5000, Resets at (UTC): 2024-09-17T04:14:05Z
Found 0 PRs for issue #47794. Skipping...
Rate Limit - Remaining: 79, Limit: 5000, Resets at (UTC): 2024-09-17T04:14:05Z
Found 0 PRs for issue #46547. Skipping...
Rate Limit - Remaining: 78, Limit: 5000, Resets at (UTC): 2024-09-17T04:14:05Z
Found 0 PRs for issue #46122. Skipping...
Rate Limit - Remaining: 77, Limit: 5000, Resets at (UTC): 2024-09-17T04:14:05Z
Found 0 PRs for issue #44004. Skipping...
Rate Limit - Remaining: 76, Limit: 5000, Resets at (UTC): 2024-09-17T04:14:05Z
Found 0 PRs for issue #42601. Skipping...
Rate Limit - Remaining: 75, Limit: 5000, Resets at (UTC): 2024-09-17T04:14:05Z
Found 0 PRs for issue #42096. Skipping...
Rate Limit - Remaining: 74, Limit: 5000, Resets at (UTC): 2024-09-17T04:14:05Z
PR https://github.com/godotengine/godot/pull/45093 has 5 commits. Skipping...
Rate Limit - Remaining: 73, Limit: 5000, Resets at (UTC): 2024-09-17T04:14:05Z
Found 0 PRs for issue #41513. Skipping...
Rate Limit - Remaining: 72, Limit: 5000, Resets at (UTC): 2024-09-17T04:14:05Z
Found 2 PRs for issue #41271. Skipping...
Rate Limit - Remaining: 71, Limit: 5000, Resets at (UTC): 2024-09-17T04:14:05Z
Found 2 PRs for issue #40784. Skipping...
Rate Limit - Remaining: 70, Limit: 5000, Resets at (UTC): 2024-09-17T04:14:05Z
Found 0 PRs for issue #39654. Skipping...
Rate Limit - Remaining: 69, Limit: 5000, Resets at (UTC): 2024-09-17T04:14:05Z
PR Title: Faster editor line drawing - Path2D and draw_line, PR URL: https://github.com/godotengine/godot/pull/54377, Commit Count: 1
Rate Limit - Remaining: 68, Limit: 5000, Resets at (UTC): 2024-09-17T04:14:05Z
PR Title: Fixes leaks in ResourceCache, Vulkan and X11, PR URL: https://github.com/godotengine/godot/pull/37895, Commit Count: 1
Rate Limit - Remaining: 67, Limit: 5000, Resets at (UTC): 2024-09-17T04:14:05Z
PR Title: Cache Object Icons, PR URL: https://github.com/godotengine/godot/pull/36999, Commit Count: 1
Rate Limit - Remaining: 66, Limit: 5000, Resets at (UTC): 2024-09-17T04:14:05Z
Found 0 PRs for issue #36507. Skipping...
Rate Limit - Remaining: 65, Limit: 5000, Resets at (UTC): 2024-09-17T04:14:05Z
Found 0 PRs for issue #36121. Skipping...
Rate Limit - Remaining: 64, Limit: 5000, Resets at (UTC): 2024-09-17T04:14:05Z
PR https://github.com/godotengine/godot/pull/43004 has 13 commits. Skipping...
Rate Limit - Remaining: 63, Limit: 5000, Resets at (UTC): 2024-09-17T04:14:05Z
Found 0 PRs for issue #35746. Skipping...
Rate Limit - Remaining: 62, Limit: 5000, Resets at (UTC): 2024-09-17T04:14:05Z
PR https://github.com/godotengine/godot/pull/38629 has 2 commits. Skipping...
Rate Limit - Remaining: 61, Limit: 5000, Resets at (UTC): 2024-09-17T04:14:05Z
Found 6 PRs for issue #34205. Skipping...
Rate Limit - Remaining: 60, Limit: 5000, Resets at (UTC): 2024-09-17T04:14:05Z
Found 3 PRs for issue #33969. Skipping...
Rate Limit - Remaining: 59, Limit: 5000, Resets at (UTC): 2024-09-17T04:14:05Z
Found 0 PRs for issue #32139. Skipping...
Rate Limit - Remaining: 58, Limit: 5000, Resets at (UTC): 2024-09-17T04:14:05Z
Found 0 PRs for issue #30881. Skipping...
Rate Limit - Remaining: 57, Limit: 5000, Resets at (UTC): 2024-09-17T04:14:05Z
Found 9 PRs for issue #27333. Skipping...
Rate Limit - Remaining: 56, Limit: 5000, Resets at (UTC): 2024-09-17T04:14:05Z
PR Title: Accelerate 2D by tracking state client-side, PR URL: https://github.com/godotengine/godot/pull/35696, Commit Count: 1
Rate Limit - Remaining: 55, Limit: 5000, Resets at (UTC): 2024-09-17T04:14:05Z
Found 0 PRs for issue #24705. Skipping...
Rate Limit - Remaining: 54, Limit: 5000, Resets at (UTC): 2024-09-17T04:14:05Z
Found 0 PRs for issue #24228. Skipping...
Rate Limit - Remaining: 53, Limit: 5000, Resets at (UTC): 2024-09-17T04:14:05Z
Found 0 PRs for issue #22064. Skipping...
Rate Limit - Remaining: 52, Limit: 5000, Resets at (UTC): 2024-09-17T04:14:05Z
Found 2 PRs for issue #21957. Skipping...
Rate Limit - Remaining: 51, Limit: 5000, Resets at (UTC): 2024-09-17T04:14:05Z
Found 3 PRs for issue #20855. Skipping...
Rate Limit - Remaining: 50, Limit: 5000, Resets at (UTC): 2024-09-17T04:14:05Z
Found 0 PRs for issue #20048. Skipping...
Rate Limit - Remaining: 49, Limit: 5000, Resets at (UTC): 2024-09-17T04:14:05Z
Found 0 PRs for issue #17683. Skipping...
Rate Limit - Remaining: 48, Limit: 5000, Resets at (UTC): 2024-09-17T04:14:05Z
Found 0 PRs for issue #17568. Skipping...
Rate Limit - Remaining: 47, Limit: 5000, Resets at (UTC): 2024-09-17T04:14:05Z
Found 0 PRs for issue #14869. Skipping...
Rate Limit - Remaining: 46, Limit: 5000, Resets at (UTC): 2024-09-17T04:14:05Z
Found 0 PRs for issue #13378. Skipping...
Rate Limit - Remaining: 45, Limit: 5000, Resets at (UTC): 2024-09-17T04:14:05Z
PR Title: Remove deprecated method `Window::move_to_foreground()`, PR URL: https://github.com/godotengine/godot/pull/95995, Commit Count: 1
Rate Limit - Remaining: 44, Limit: 5000, Resets at (UTC): 2024-09-17T04:14:05Z
Found 2 PRs for issue #9506. Skipping...
Rate Limit - Remaining: 43, Limit: 5000, Resets at (UTC): 2024-09-17T04:14:05Z
Found 0 PRs for issue #7832. Skipping...
Rate Limit - Remaining: 42, Limit: 5000, Resets at (UTC): 2024-09-17T04:14:05Z
Found 0 PRs for issue #11019. Skipping...
Rate Limit - Remaining: 41, Limit: 5000, Resets at (UTC): 2024-09-17T04:14:05Z
Found 0 PRs for issue #9478. Skipping...
Rate Limit - Remaining: 40, Limit: 5000, Resets at (UTC): 2024-09-17T04:14:05Z
PR https://github.com/protocolbuffers/protobuf/pull/9415 has 11 commits. Skipping...
Rate Limit - Remaining: 39, Limit: 5000, Resets at (UTC): 2024-09-17T04:14:05Z
Found 0 PRs for issue #9338. Skipping...
Rate Limit - Remaining: 38, Limit: 5000, Resets at (UTC): 2024-09-17T04:14:05Z
PR Title: ruby: Map to_h fixes, PR URL: https://github.com/protocolbuffers/protobuf/pull/396, Commit Count: 1
Rate Limit - Remaining: 37, Limit: 5000, Resets at (UTC): 2024-09-17T04:14:05Z
Found 0 PRs for issue #7622. Skipping...
Rate Limit - Remaining: 36, Limit: 5000, Resets at (UTC): 2024-09-17T04:14:05Z
PR https://github.com/protocolbuffers/protobuf/pull/9578 has 3 commits. Skipping...
Rate Limit - Remaining: 35, Limit: 5000, Resets at (UTC): 2024-09-17T04:14:05Z
Found 0 PRs for issue #6704. Skipping...
Rate Limit - Remaining: 34, Limit: 5000, Resets at (UTC): 2024-09-17T04:14:05Z
Found 0 PRs for issue #5729. Skipping...
Rate Limit - Remaining: 33, Limit: 5000, Resets at (UTC): 2024-09-17T04:14:05Z
PR Title: c# feature(RepeatedField): Capacity property to resize the internal array, PR URL: https://github.com/protocolbuffers/protobuf/pull/6530, Commit Count: 1
Rate Limit - Remaining: 32, Limit: 5000, Resets at (UTC): 2024-09-17T04:14:05Z
Found 0 PRs for issue #5417. Skipping...
Rate Limit - Remaining: 31, Limit: 5000, Resets at (UTC): 2024-09-17T04:14:05Z
Found 0 PRs for issue #4177. Skipping...
Rate Limit - Remaining: 30, Limit: 5000, Resets at (UTC): 2024-09-17T04:14:05Z
PR https://github.com/protocolbuffers/protobuf/pull/7458 has 2 commits. Skipping...
Rate Limit - Remaining: 29, Limit: 5000, Resets at (UTC): 2024-09-17T04:14:05Z
Found 0 PRs for issue #3019. Skipping...
Rate Limit - Remaining: 28, Limit: 5000, Resets at (UTC): 2024-09-17T04:14:05Z
Found 5 PRs for issue #1800. Skipping...
Rate Limit - Remaining: 27, Limit: 5000, Resets at (UTC): 2024-09-17T04:14:05Z
Found 7 PRs for issue #999. Skipping...
Rate Limit - Remaining: 26, Limit: 5000, Resets at (UTC): 2024-09-17T04:14:05Z
Found 2 PRs for issue #880. Skipping...
Rate Limit - Remaining: 25, Limit: 5000, Resets at (UTC): 2024-09-17T04:14:05Z
Found 5 PRs for issue #764. Skipping...
Rate Limit - Remaining: 24, Limit: 5000, Resets at (UTC): 2024-09-17T04:14:05Z
PR https://github.com/tesseract-ocr/tesseract/pull/3050 has 4 commits. Skipping...
Rate Limit - Remaining: 23, Limit: 5000, Resets at (UTC): 2024-09-17T04:14:05Z
Found 0 PRs for issue #2817. Skipping...
Rate Limit - Remaining: 22, Limit: 5000, Resets at (UTC): 2024-09-17T04:14:05Z
Found 0 PRs for issue #2611. Skipping...
Rate Limit - Remaining: 21, Limit: 5000, Resets at (UTC): 2024-09-17T04:14:05Z
Found 0 PRs for issue #2205. Skipping...
Rate Limit - Remaining: 20, Limit: 5000, Resets at (UTC): 2024-09-17T04:14:05Z
PR https://github.com/tesseract-ocr/tesseract/pull/3237 has 4 commits. Skipping...
Rate Limit - Remaining: 19, Limit: 5000, Resets at (UTC): 2024-09-17T04:14:05Z
Found 0 PRs for issue #1307. Skipping...
Rate Limit - Remaining: 18, Limit: 5000, Resets at (UTC): 2024-09-17T04:14:05Z
Found 0 PRs for issue #1278. Skipping...
Rate Limit - Remaining: 17, Limit: 5000, Resets at (UTC): 2024-09-17T04:14:05Z
Found 0 PRs for issue #1240. Skipping...
Rate Limit - Remaining: 16, Limit: 5000, Resets at (UTC): 2024-09-17T04:14:05Z
Found 2 PRs for issue #1171. Skipping...
Rate Limit - Remaining: 15, Limit: 5000, Resets at (UTC): 2024-09-17T04:14:05Z
PR Title: ColPartition: Add missing initialisation for median_left, median_right, PR URL: https://github.com/tesseract-ocr/tesseract/pull/1589, Commit Count: 1
Rate Limit - Remaining: 14, Limit: 5000, Resets at (UTC): 2024-09-17T04:14:05Z
Found 4 PRs for issue #263. Skipping...
Rate Limit - Remaining: 13, Limit: 5000, Resets at (UTC): 2024-09-17T04:14:05Z
Found 6 PRs for issue #233. Skipping...
Rate Limit - Remaining: 12, Limit: 5000, Resets at (UTC): 2024-09-17T04:14:05Z
Found 0 PRs for issue #68328. Skipping...
Rate Limit - Remaining: 11, Limit: 5000, Resets at (UTC): 2024-09-17T04:14:05Z
Found 0 PRs for issue #67790. Skipping...
Rate Limit - Remaining: 10, Limit: 5000, Resets at (UTC): 2024-09-17T04:14:05Z
Found 0 PRs for issue #66492. Skipping...
Rate Limit - Remaining: 9, Limit: 5000, Resets at (UTC): 2024-09-17T04:14:05Z
Found 0 PRs for issue #66472. Skipping...
Rate Limit - Remaining: 8, Limit: 5000, Resets at (UTC): 2024-09-17T04:14:05Z
Found 0 PRs for issue #66113. Skipping...
Rate Limit - Remaining: 7, Limit: 5000, Resets at (UTC): 2024-09-17T04:14:05Z
PR https://github.com/ClickHouse/ClickHouse/pull/66004 has 19 commits. Skipping...
Rate Limit - Remaining: 6, Limit: 5000, Resets at (UTC): 2024-09-17T04:14:05Z
PR https://github.com/ClickHouse/ClickHouse/pull/65940 has 2 commits. Skipping...
Rate Limit - Remaining: 5, Limit: 5000, Resets at (UTC): 2024-09-17T04:14:05Z
Found 4 PRs for issue #65745. Skipping...
Rate Limit - Remaining: 4, Limit: 5000, Resets at (UTC): 2024-09-17T04:14:05Z
Found 0 PRs for issue #65421. Skipping...
Rate Limit - Remaining: 3, Limit: 5000, Resets at (UTC): 2024-09-17T04:14:05Z
PR https://github.com/ClickHouse/ClickHouse/pull/62083 has 7 commits. Skipping...
Rate Limit - Remaining: 2, Limit: 5000, Resets at (UTC): 2024-09-17T04:14:05Z
PR https://github.com/ClickHouse/ClickHouse/pull/64695 has 8 commits. Skipping...
Rate Limit - Remaining: 1, Limit: 5000, Resets at (UTC): 2024-09-17T04:14:05Z
Found 0 PRs for issue #63932. Skipping...
Rate limit exceeded. Waiting for 14594 seconds until reset.
